TN:
SF:/Users/strider/Desktop/angular adv/pruebas/src/polyfills.ts
FNF:0
FNH:0
DA:46,1
DA:60,1
LF:2
LH:2
BRF:0
BRH:0
end_of_record
TN:
SF:/Users/strider/Desktop/angular adv/pruebas/src/test.ts
FN:20,(anonymous_0)
FNF:1
FNH:1
FNDA:1,(anonymous_0)
DA:3,1
DA:4,1
DA:5,1
DA:6,1
DA:7,1
DA:8,1
DA:9,1
DA:10,1
DA:20,1
DA:23,1
DA:28,1
DA:30,1
DA:32,1
LF:13
LH:13
BRF:0
BRH:0
end_of_record
TN:
SF:/Users/strider/Desktop/angular adv/pruebas/src/app/app.component.ts
FN:8,(anonymous_1)
FN:3,AppComponent
FNF:2
FNH:2
FNDA:1,(anonymous_1)
FNDA:3,AppComponent
DA:1,1
DA:8,1
DA:9,3
DA:10,1
LF:4
LH:4
BRF:0
BRH:0
end_of_record
TN:
SF:/Users/strider/Desktop/angular adv/pruebas/src/app/basicas/arreglos/arreglos.ts
FN:3,obtenerRobots
FNF:1
FNH:1
FNDA:2,obtenerRobots
DA:3,1
DA:4,2
LF:2
LH:2
BRF:0
BRH:0
end_of_record
TN:
SF:/Users/strider/Desktop/angular adv/pruebas/src/app/basicas/booleanos/booleanos.ts
FN:4,usuarioIngresado
FNF:1
FNH:1
FNDA:1,usuarioIngresado
DA:4,1
DA:5,1
LF:2
LH:2
BRF:0
BRH:0
end_of_record
TN:
SF:/Users/strider/Desktop/angular adv/pruebas/src/app/basicas/clases/clase.ts
FN:4,(anonymous_0)
FN:8,Jugador
FN:12,(anonymous_2)
FNF:3
FNH:3
FNDA:1,(anonymous_0)
FNDA:3,Jugador
FNDA:3,(anonymous_2)
DA:4,1
DA:9,3
DA:12,1
DA:14,3
DA:15,1
DA:17,2
DA:20,3
DA:23,1
LF:8
LH:8
BRDA:14,0,0,1
BRDA:14,0,1,2
BRF:2
BRH:2
end_of_record
TN:
SF:/Users/strider/Desktop/angular adv/pruebas/src/app/basicas/numeros/numeros.ts
FN:4,incrementar
FNF:1
FNH:1
FNDA:2,incrementar
DA:4,1
DA:6,2
DA:7,1
DA:9,1
LF:4
LH:4
BRDA:6,0,0,1
BRDA:6,0,1,1
BRF:2
BRH:2
end_of_record
TN:
SF:/Users/strider/Desktop/angular adv/pruebas/src/app/basicas/string/string.ts
FN:3,mensaje
FNF:1
FNH:1
FNDA:2,mensaje
DA:3,1
DA:4,2
LF:2
LH:2
BRF:0
BRH:0
end_of_record
